<?xml version="1.0" encoding="UTF-8"?>
<testsuite xmlns:xsi="http://www.w3.org/2001/XMLSchema-instance" xsi:noNamespaceSchemaLocation="https://maven.apache.org/surefire/maven-surefire-plugin/xsd/surefire-test-report-3.0.xsd" version="3.0" name="Testing for DAL Layer" time="1.522" tests="22" errors="0" skipped="0" failures="0">
  <properties>
[...]
</properties>
  <testcase name="Testing for add payment details" classname="Testing for DAL Layer" time="0.03">
    <system-out><![CDATA[2023-12-31T18:23:43.227+05:30  INFO 15708 --- [           main] t.c.s.AnnotationConfigContextLoaderUtils : Could not detect default configuration classes for test class [com.cn.cnpayment.dal.DalTests]: DalTests does not declare any static, non-private, non-final, nested classes annotated with @Configuration.
2023-12-31T18:23:43.252+05:30  INFO 15708 --- [           main] .b.t.c.SpringBootTestContextBootstrapper : Found @SpringBootConfiguration com.cn.cnpayment.CnPaymentApplication for test class com.cn.cnpayment.dal.DalTests

  .   ____          _            __ _ _
 /\\ / ___'_ __ _ _(_)_ __  __ _ \ \ \ \
( ( )\___ | '_ | '_| | '_ \/ _` | \ \ \ \
 \\/  ___)| |_)| | | | | || (_| |  ) ) ) )
  '  |____| .__|_| |_|_| |_\__, | / / / /
 =========|_|==============|___/=/_/_/_/
 :: Spring Boot ::                (v3.0.0)

2023-12-31T18:23:43.320+05:30  INFO 15708 --- [           main] com.cn.cnpayment.dal.DalTests            : Starting DalTests using Java 17.0.8 with PID 15708 (started by Coding Ninjas in C:\Users\Coding Ninjas\Downloads\Coding Ninja Test Cases\Coding Ninja Test Cases\11. Lecture Hibernate and Relationships\Payment Application 4\Payment 4)
2023-12-31T18:23:43.320+05:30  INFO 15708 --- [           main] com.cn.cnpayment.dal.DalTests            : No active profile set, falling back to 1 default profile: "default"
2023-12-31T18:23:43.638+05:30  INFO 15708 --- [           main] .s.d.r.c.RepositoryConfigurationDelegate : Bootstrapping Spring Data JPA repositories in DEFAULT mode.
2023-12-31T18:23:43.647+05:30  INFO 15708 --- [           main] .s.d.r.c.RepositoryConfigurationDelegate : Finished Spring Data repository scanning in 8 ms. Found 0 JPA repository interfaces.
2023-12-31T18:23:43.736+05:30  INFO 15708 --- [           main] o.hibernate.jpa.internal.util.LogHelper  : HHH000204: Processing PersistenceUnitInfo [name: default]
2023-12-31T18:23:43.741+05:30  WARN 15708 --- [           main] org.hibernate.orm.deprecation            : HHH90000021: Encountered deprecated setting [javax.persistence.sharedCache.mode], use [jakarta.persistence.sharedCache.mode] instead
2023-12-31T18:23:43.746+05:30  INFO 15708 --- [           main] com.zaxxer.hikari.HikariDataSource       : HikariPool-2 - Starting...
2023-12-31T18:23:43.765+05:30  INFO 15708 --- [           main] com.zaxxer.hikari.pool.HikariPool        : HikariPool-2 - Added connection com.mysql.cj.jdbc.ConnectionImpl@23e0b938
2023-12-31T18:23:43.766+05:30  INFO 15708 --- [           main] com.zaxxer.hikari.HikariDataSource       : HikariPool-2 - Start completed.
2023-12-31T18:23:43.767+05:30  INFO 15708 --- [           main] SQL dialect                              : HHH000400: Using dialect: org.hibernate.dialect.MySQLDialect
2023-12-31T18:23:44.142+05:30  INFO 15708 --- [           main] o.h.e.t.j.p.i.JtaPlatformInitiator       : HHH000490: Using JtaPlatform implementation: [org.hibernate.engine.transaction.jta.platform.internal.NoJtaPlatform]
2023-12-31T18:23:44.143+05:30  INFO 15708 --- [           main] j.LocalContainerEntityManagerFactoryBean : Initialized JPA EntityManagerFactory for persistence unit 'default'
2023-12-31T18:23:44.220+05:30  WARN 15708 --- [           main] JpaBaseConfiguration$JpaWebConfiguration : spring.jpa.open-in-view is enabled by default. Therefore, database queries may be performed during view rendering. Explicitly configure spring.jpa.open-in-view to disable this warning
2023-12-31T18:23:44.347+05:30  INFO 15708 --- [           main] com.cn.cnpayment.dal.DalTests            : Started DalTests in 1.086 seconds (process running for 9.314)
]]></system-out>
  </testcase>
  <testcase name="Testing for get payment details by id" classname="Testing for DAL Layer" time="0.012"/>
  <testcase name="Testing for get all payment details" classname="Testing for DAL Layer" time="0.013"/>
  <testcase name="Testing for update payment details" classname="Testing for DAL Layer" time="0.022"/>
  <testcase name="Testing for get payment details by currency" classname="Testing for DAL Layer" time="0.022"/>
  <testcase name="Testing for delete payment details" classname="Testing for DAL Layer" time="0.021"/>
  <testcase name="Testing for add payment" classname="Testing for DAL Layer" time="0.04"/>
  <testcase name="Testing for get by id" classname="Testing for DAL Layer" time="0.009"/>
  <testcase name="Testing for get all payments" classname="Testing for DAL Layer" time="0.012"/>
  <testcase name="Testing for update payment" classname="Testing for DAL Layer" time="0.021"/>
  <testcase name="Testing for update payment description" classname="Testing for DAL Layer" time="0.024"/>
  <testcase name="Testing for get payment by description" classname="Testing for DAL Layer" time="0.014"/>
  <testcase name="Testing for get payment by type" classname="Testing for DAL Layer" time="0.01"/>
  <testcase name="Testing for get payment by currency" classname="Testing for DAL Layer" time="0.01"/>
  <testcase name="Testing for GET /payment/reviews/{paymentId}" classname="Testing for DAL Layer" time="0.011"/>
  <testcase name="Testing for GET /payment/queryType/{queryType}" classname="Testing for DAL Layer" time="0.012"/>
  <testcase name="Testing for delete payment by id" classname="Testing for DAL Layer" time="0.019"/>
  <testcase name="Testing for save payment review" classname="Testing for DAL Layer" time="0.021"/>
  <testcase name="Testing for get payment review by id" classname="Testing for DAL Layer" time="0.012"/>
  <testcase name="Testing for get all payment reviews" classname="Testing for DAL Layer" time="0.008"/>
  <testcase name="Testing for delete payment review" classname="Testing for DAL Layer" time="0.02"/>
  <testcase name="Testing for get payment review by query type" classname="Testing for DAL Layer" time="0.015"/>
</testsuite>